#-----------------------------------------------------------
# Webtalk v2018.3 (64-bit)
# SW Build 2405991 on Thu Dec  6 23:38:27 MST 2018
# 
# Start of session at: Fri May  1 19:03:48 2020
# Process ID: 1520
# Current directory: D:/ebaz/EBAZ4205-PRO-EXAMPLE/TEMP/Temp/Temp.sdk/webtalk
# Command line: wbtcv.exe -mode batch -source sdk_webtalk.tcl
# Log file: D:/ebaz/EBAZ4205-PRO-EXAMPLE/TEMP/Temp/Temp.sdk/webtalk/webtalk.log
# Journal file: D:/ebaz/EBAZ4205-PRO-EXAMPLE/TEMP/Temp/Temp.sdk/webtalk\webtalk.jou
#-----------------------------------------------------------
source sdk_webtalk.tcl
# webtalk_init -webtalk_dir D:\\ebaz\\EBAZ4205-PRO-EXAMPLE\\TEMP\\Temp\\Temp.sdk\\webtalk
# webtalk_register_client -client project
# webtalk_add_data -client project -key date_generated -value "2020-05-01 19:03:46" -context "software_version_and_target_device"
# webtalk_add_data -client project -key product_version -value "SDK v2018.3" -context "software_version_and_target_device"
# webtalk_add_data -client project -key build_version -value "2018.3" -context "software_version_and_target_device"
# webtalk_add_data -client project -key os_platform -value "amd64" -context "software_version_and_target_device"
# webtalk_add_data -client project -key registration_id -value "" -context "software_version_and_target_device"
# webtalk_add_data -client project -key tool_flow -value "SDK" -context "software_version_and_target_device"
# webtalk_add_data -client project -key beta -value "false" -context "software_version_and_target_device"
# webtalk_add_data -client project -key route_design -value "NA" -context "software_version_and_target_device"
# webtalk_add_data -client project -key target_family -value "NA" -context "software_version_and_target_device"
# webtalk_add_data -client project -key target_device -value "NA" -context "software_version_and_target_device"
# webtalk_add_data -client project -key target_package -value "NA" -context "software_version_and_target_device"
# webtalk_add_data -client project -key target_speed -value "NA" -context "software_version_and_target_device"
# webtalk_add_data -client project -key random_id -value "34pqi7etj6t7v9jcok3l44f3ti" -context "software_version_and_target_device"
# webtalk_add_data -client project -key project_id -value "2018.3_9" -context "software_version_and_target_device"
# webtalk_add_data -client project -key project_iteration -value "9" -context "software_version_and_target_device"
# webtalk_add_data -client project -key os_name -value "Microsoft Windows 8 or later , 64-bit" -context "user_environment"
# webtalk_add_data -client project -key os_release -value "major release  (build 9200)" -context "user_environment"
# webtalk_add_data -client project -key cpu_name -value "AMD Ryzen 5 3600 6-Core Processor              " -context "user_environment"
# webtalk_add_data -client project -key cpu_speed -value "3600 MHz" -context "user_environment"
# webtalk_add_data -client project -key total_processors -value "2" -context "user_environment"
# webtalk_add_data -client project -key system_ram -value "17.128 GB" -context "user_environment"
# webtalk_register_client -client sdk
# webtalk_add_data -client sdk -key uid -value "1588330153700" -context "sdk\\\\hardware/1588330153700"
# webtalk_add_data -client sdk -key isZynq -value "true" -context "sdk\\\\hardware/1588330153700"
# webtalk_add_data -client sdk -key isZynqMP -value "false" -context "sdk\\\\hardware/1588330153700"
# webtalk_add_data -client sdk -key Processors -value "2" -context "sdk\\\\hardware/1588330153700"
# webtalk_add_data -client sdk -key VivadoVersion -value "2018.3" -context "sdk\\\\hardware/1588330153700"
# webtalk_add_data -client sdk -key Arch -value "zynq" -context "sdk\\\\hardware/1588330153700"
# webtalk_add_data -client sdk -key Device -value "7z010" -context "sdk\\\\hardware/1588330153700"
# webtalk_add_data -client sdk -key IsHandoff -value "true" -context "sdk\\\\hardware/1588330153700"
# webtalk_add_data -client sdk -key os -value "NA" -context "sdk\\\\hardware/1588330153700"
# webtalk_add_data -client sdk -key apptemplate -value "NA" -context "sdk\\\\hardware/1588330153700"
# webtalk_add_data -client sdk -key RecordType -value "HWCreation" -context "sdk\\\\hardware/1588330153700"
# webtalk_add_data -client sdk -key uid -value "1588330195348" -context "sdk\\\\bsp/1588330195348"
# webtalk_add_data -client sdk -key hwid -value "1588330153700" -context "sdk\\\\bsp/1588330195348"
# webtalk_add_data -client sdk -key os -value "standalone" -context "sdk\\\\bsp/1588330195348"
# webtalk_add_data -client sdk -key apptemplate -value "zynq_fsbl" -context "sdk\\\\bsp/1588330195348"
# webtalk_add_data -client sdk -key RecordType -value "BSPCreation" -context "sdk\\\\bsp/1588330195348"
# webtalk_add_data -client sdk -key uid -value "1588330200089" -context "sdk\\\\application/1588330200089"
# webtalk_add_data -client sdk -key hwid -value "1588330153700" -context "sdk\\\\application/1588330200089"
# webtalk_add_data -client sdk -key bspid -value "1588330195348" -context "sdk\\\\application/1588330200089"
# webtalk_add_data -client sdk -key newbsp -value "true" -context "sdk\\\\application/1588330200089"
# webtalk_add_data -client sdk -key os -value "standalone" -context "sdk\\\\application/1588330200089"
# webtalk_add_data -client sdk -key apptemplate -value "zynq_fsbl" -context "sdk\\\\application/1588330200089"
# webtalk_add_data -client sdk -key RecordType -value "APPCreation" -context "sdk\\\\application/1588330200089"
# webtalk_add_data -client sdk -key LangUsed -value "C" -context "sdk\\\\application/1588330200089"
# webtalk_add_data -client sdk -key Procused -value "ps7_cortexa9" -context "sdk\\\\application/1588330200089"
# webtalk_add_data -client sdk -key projSize -value "627.1328125" -context "sdk\\\\application/1588330200089"
# webtalk_add_data -client sdk -key uid -value "1588330222883" -context "sdk\\\\bsp/1588330222883"
# webtalk_add_data -client sdk -key hwid -value "1588330153700" -context "sdk\\\\bsp/1588330222883"
# webtalk_add_data -client sdk -key os -value "standalone" -context "sdk\\\\bsp/1588330222883"
# webtalk_add_data -client sdk -key apptemplate -value "hello_world" -context "sdk\\\\bsp/1588330222883"
# webtalk_add_data -client sdk -key RecordType -value "BSPCreation" -context "sdk\\\\bsp/1588330222883"
# webtalk_add_data -client sdk -key uid -value "1588330223513" -context "sdk\\\\application/1588330223513"
# webtalk_add_data -client sdk -key hwid -value "1588330153700" -context "sdk\\\\application/1588330223513"
# webtalk_add_data -client sdk -key bspid -value "1588330222883" -context "sdk\\\\application/1588330223513"
# webtalk_add_data -client sdk -key newbsp -value "true" -context "sdk\\\\application/1588330223513"
# webtalk_add_data -client sdk -key os -value "standalone" -context "sdk\\\\application/1588330223513"
# webtalk_add_data -client sdk -key apptemplate -value "hello_world" -context "sdk\\\\application/1588330223513"
# webtalk_add_data -client sdk -key RecordType -value "APPCreation" -context "sdk\\\\application/1588330223513"
# webtalk_add_data -client sdk -key LangUsed -value "C" -context "sdk\\\\application/1588330223513"
# webtalk_add_data -client sdk -key Procused -value "ps7_cortexa9" -context "sdk\\\\application/1588330223513"
# webtalk_add_data -client sdk -key projSize -value "186.11328125" -context "sdk\\\\application/1588330223513"
# webtalk_add_data -client sdk -key uid -value "1588330616101" -context "sdk\\\\bsp/1588330616101"
# webtalk_add_data -client sdk -key hwid -value "1588330153700" -context "sdk\\\\bsp/1588330616101"
# webtalk_add_data -client sdk -key os -value "standalone" -context "sdk\\\\bsp/1588330616101"
# webtalk_add_data -client sdk -key apptemplate -value "lwip_echo_server" -context "sdk\\\\bsp/1588330616101"
# webtalk_add_data -client sdk -key RecordType -value "BSPCreation" -context "sdk\\\\bsp/1588330616101"
# webtalk_add_data -client sdk -key uid -value "1588330616966" -context "sdk\\\\application/1588330616966"
# webtalk_add_data -client sdk -key hwid -value "1588330153700" -context "sdk\\\\application/1588330616966"
# webtalk_add_data -client sdk -key bspid -value "1588330616101" -context "sdk\\\\application/1588330616966"
# webtalk_add_data -client sdk -key newbsp -value "true" -context "sdk\\\\application/1588330616966"
# webtalk_add_data -client sdk -key os -value "standalone" -context "sdk\\\\application/1588330616966"
# webtalk_add_data -client sdk -key apptemplate -value "lwip_echo_server" -context "sdk\\\\application/1588330616966"
# webtalk_add_data -client sdk -key RecordType -value "APPCreation" -context "sdk\\\\application/1588330616966"
# webtalk_add_data -client sdk -key LangUsed -value "C" -context "sdk\\\\application/1588330616966"
# webtalk_add_data -client sdk -key Procused -value "ps7_cortexa9" -context "sdk\\\\application/1588330616966"
# webtalk_add_data -client sdk -key projSize -value "892.99609375" -context "sdk\\\\application/1588330616966"
# webtalk_add_data -client sdk -key uid -value "NA" -context "sdk\\\\bsp/1588331026989"
# webtalk_add_data -client sdk -key RecordType -value "ToolUsage" -context "sdk\\\\bsp/1588331026989"
# webtalk_add_data -client sdk -key BootgenCount -value "3" -context "sdk\\\\bsp/1588331026989"
# webtalk_add_data -client sdk -key DebugCount -value "0" -context "sdk\\\\bsp/1588331026989"
# webtalk_add_data -client sdk -key PerfCount -value "0" -context "sdk\\\\bsp/1588331026989"
# webtalk_add_data -client sdk -key FlashCount -value "0" -context "sdk\\\\bsp/1588331026989"
# webtalk_add_data -client sdk -key CrossTriggCount -value "0" -context "sdk\\\\bsp/1588331026989"
# webtalk_add_data -client sdk -key QemuDebugCount -value "0" -context "sdk\\\\bsp/1588331026989"
# webtalk_transmit -clientid 2887847679 -regid "" -xml D:\\ebaz\\EBAZ4205-PRO-EXAMPLE\\TEMP\\Temp\\Temp.sdk\\webtalk\\usage_statistics_ext_sdk.xml -html D:\\ebaz\\EBAZ4205-PRO-EXAMPLE\\TEMP\\Temp\\Temp.sdk\\webtalk\\usage_statistics_ext_sdk.html -wdm D:\\ebaz\\EBAZ4205-PRO-EXAMPLE\\TEMP\\Temp\\Temp.sdk\\webtalk\\sdk_webtalk.wdm -intro "<H3>SDK Usage Report</H3><BR>"
# webtalk_terminate
INFO: [Common 17-206] Exiting Webtalk at Fri May  1 19:03:57 2020...
